<?xml version="1.0" encoding="UTF-8"?>
<!-- Generated by org.testng.reporters.JUnitXMLReporter -->
<testsuite ignored="0" hostname="DESKTOP-SKC049P" failures="4" tests="49" name="Testing on chrome" time="1029.145" errors="0" timestamp="2025-01-09T00:29:58 IST">
  <testcase classname="packagemaven.Project_Maven.Test01" name="registration" time="5.118">
    <skipped/>
  </testcase> <!-- registration -->
  <testcase classname="packagemaven.Project_Maven.Test01" name="registration" time="8.252"/>
  <testcase classname="packagemaven.Project_Maven.Test02" name="login_to_amazon" time="5.026">
    <skipped/>
  </testcase> <!-- login_to_amazon -->
  <testcase classname="packagemaven.Project_Maven.Test02" name="login_to_amazon" time="4.482"/>
  <testcase classname="packagemaven.Project_Maven.Test03" name="checkLoginFail" time="12.209"/>
  <testcase classname="packagemaven.Project_Maven.Test04" name="verify_user_info_edit" time="5.028">
    <skipped/>
  </testcase> <!-- verify_user_info_edit -->
  <testcase classname="packagemaven.Project_Maven.Test04" name="verify_user_info_edit" time="14.157"/>
  <testcase classname="packagemaven.Project_Maven.Test05" name="login_to_amazon_search_a_product" time="9.754"/>
  <testcase classname="packagemaven.Project_Maven.Test06" name="verify_searching_with_filters_category_price_range" time="5.053">
    <skipped/>
  </testcase> <!-- verify_searching_with_filters_category_price_range -->
  <testcase classname="packagemaven.Project_Maven.Test06" name="verify_searching_with_filters_category_price_range" time="5.057">
    <skipped/>
  </testcase> <!-- verify_searching_with_filters_category_price_range -->
  <testcase classname="packagemaven.Project_Maven.Test06" name="verify_searching_with_filters_category_price_range" time="3.357"/>
  <testcase classname="packagemaven.Project_Maven.Test07" name="test_details_price_reviews_description" time="5.026">
    <skipped/>
  </testcase> <!-- test_details_price_reviews_description -->
  <testcase classname="packagemaven.Project_Maven.Test07" name="test_details_price_reviews_description" time="5.059">
    <skipped/>
  </testcase> <!-- test_details_price_reviews_description -->
  <testcase classname="packagemaven.Project_Maven.Test07" name="test_details_price_reviews_description" time="8.765"/>
  <testcase classname="packagemaven.Project_Maven.Test08" name="sort_by_price_low_to_high" time="5.02">
    <skipped/>
  </testcase> <!-- sort_by_price_low_to_high -->
  <testcase classname="packagemaven.Project_Maven.Test08" name="sort_by_price_low_to_high" time="5.029">
    <skipped/>
  </testcase> <!-- sort_by_price_low_to_high -->
  <testcase classname="packagemaven.Project_Maven.Test08" name="sort_by_price_low_to_high" time="5.034">
    <skipped/>
  </testcase> <!-- sort_by_price_low_to_high -->
  <testcase classname="packagemaven.Project_Maven.Test08" name="sort_by_price_low_to_high" time="5.022">
    <skipped/>
  </testcase> <!-- sort_by_price_low_to_high -->
  <testcase classname="packagemaven.Project_Maven.Test08" name="sort_by_price_low_to_high" time="6.536">
    <skipped/>
  </testcase> <!-- sort_by_price_low_to_high -->
  <testcase classname="packagemaven.Project_Maven.Test08" name="sort_by_price_low_to_high" time="5.056">
    <failure type="org.openqa.selenium.NoSuchElementException" message="no such element: Unable to locate element: {&amp;quot;method&amp;quot;:&amp;quot;css selector&amp;quot;,&amp;quot;selector&amp;quot;:&amp;quot;#twotabsearchtextbox&amp;quot;}
  (Session info: chrome=131.0.6778.206)
For documentation on this error, please visit: https://www.selenium.dev/documentation/webdriver/troubleshooting/errors#no-such-element-exception
Build info: version: &amp;apos;4.26.0&amp;apos;, revision: &amp;apos;8ccf0219d7&amp;apos;
System info: os.name: &amp;apos;Windows 11&amp;apos;, os.arch: &amp;apos;amd64&amp;apos;, os.version: &amp;apos;10.0&amp;apos;, java.version: &amp;apos;23&amp;apos;
Driver info: org.openqa.selenium.chrome.ChromeDriver
Command: [f02efe706fae3dd45d57a9888718868f, findElement {value=twotabsearchtextbox, using=id}]
Capabilities {acceptInsecureCerts: false, browserName: chrome, browserVersion: 131.0.6778.206, chrome: {chromedriverVersion: 131.0.6778.264 (2d05e315153..., userDataDir: C:\Users\asus\AppData\Local...}, fedcm:accounts: true, goog:chromeOptions: {debuggerAddress: localhost:57838}, networkConnectionEnabled: false, pageLoadStrategy: normal, platformName: windows, proxy: Proxy(), se:cdp: ws://localhost:57838/devtoo..., se:cdpVersion: 131.0.6778.206, setWindowRect: true, strictFileInteractability: false, timeouts: {implicit: 0, pageLoad: 300000, script: 30000}, unhandledPromptBehavior: dismiss and notify, webauthn:extension:credBlob: true, webauthn:extension:largeBlob: true, webauthn:extension:minPinLength: true, webauthn:extension:prf: true, webauthn:virtualAuthenticators: true}
Session ID: f02efe706fae3dd45d57a9888718868f">
      <![CDATA[org.openqa.selenium.NoSuchElementException: no such element: Unable to locate element: {"method":"css selector","selector":"#twotabsearchtextbox"}
  (Session info: chrome=131.0.6778.206)
For documentation on this error, please visit: https://www.selenium.dev/documentation/webdriver/troubleshooting/errors#no-such-element-exception
Build info: version: '4.26.0', revision: '8ccf0219d7'
System info: os.name: 'Windows 11', os.arch: 'amd64', os.version: '10.0', java.version: '23'
Driver info: org.openqa.selenium.chrome.ChromeDriver
Command: [f02efe706fae3dd45d57a9888718868f, findElement {value=twotabsearchtextbox, using=id}]
Capabilities {acceptInsecureCerts: false, browserName: chrome, browserVersion: 131.0.6778.206, chrome: {chromedriverVersion: 131.0.6778.264 (2d05e315153..., userDataDir: C:\Users\asus\AppData\Local...}, fedcm:accounts: true, goog:chromeOptions: {debuggerAddress: localhost:57838}, networkConnectionEnabled: false, pageLoadStrategy: normal, platformName: windows, proxy: Proxy(), se:cdp: ws://localhost:57838/devtoo..., se:cdpVersion: 131.0.6778.206, setWindowRect: true, strictFileInteractability: false, timeouts: {implicit: 0, pageLoad: 300000, script: 30000}, unhandledPromptBehavior: dismiss and notify, webauthn:extension:credBlob: true, webauthn:extension:largeBlob: true, webauthn:extension:minPinLength: true, webauthn:extension:prf: true, webauthn:virtualAuthenticators: true}
Session ID: f02efe706fae3dd45d57a9888718868f
at org.openqa.selenium.remote.ErrorCodec.decode(ErrorCodec.java:167)
at org.openqa.selenium.remote.codec.w3c.W3CHttpResponseCodec.decode(W3CHttpResponseCodec.java:138)
at org.openqa.selenium.remote.codec.w3c.W3CHttpResponseCodec.decode(W3CHttpResponseCodec.java:50)
at org.openqa.selenium.remote.HttpCommandExecutor.execute(HttpCommandExecutor.java:190)
at org.openqa.selenium.remote.service.DriverCommandExecutor.invokeExecute(DriverCommandExecutor.java:216)
at org.openqa.selenium.remote.service.DriverCommandExecutor.execute(DriverCommandExecutor.java:174)
at org.openqa.selenium.remote.RemoteWebDriver.execute(RemoteWebDriver.java:545)
at org.openqa.selenium.remote.ElementLocation$ElementFinder$2.findElement(ElementLocation.java:165)
at org.openqa.selenium.remote.ElementLocation.findElement(ElementLocation.java:66)
at org.openqa.selenium.remote.RemoteWebDriver.findElement(RemoteWebDriver.java:368)
at org.openqa.selenium.remote.RemoteWebDriver.findElement(RemoteWebDriver.java:362)
at org.openqa.selenium.support.pagefactory.DefaultElementLocator.findElement(DefaultElementLocator.java:68)
at org.openqa.selenium.support.pagefactory.internal.LocatingElementHandler.invoke(LocatingElementHandler.java:38)
at jdk.proxy2/jdk.proxy2.$Proxy17.sendKeys(Unknown Source)
at packagemaven.Project_Maven.HomePage.search_smartphone(HomePage.java:70)
at packagemaven.Project_Maven.Test08.sort_by_price_low_to_high(Test08.java:19)
at java.base/java.util.ArrayList.forEach(ArrayList.java:1597)
... Removed 28 stack frames]]>
    </failure>
  </testcase> <!-- sort_by_price_low_to_high -->
  <testcase classname="packagemaven.Project_Maven.Test09" name="Add_to_Wishlist_Add_to_Cart" time="5.054">
    <skipped/>
  </testcase> <!-- Add_to_Wishlist_Add_to_Cart -->
  <testcase classname="packagemaven.Project_Maven.Test09" name="Add_to_Wishlist_Add_to_Cart" time="50.373"/>
  <testcase classname="packagemaven.Project_Maven.Test10" name="check_update_quantities_remove_add_to_cart" time="5.033">
    <skipped/>
  </testcase> <!-- check_update_quantities_remove_add_to_cart -->
  <testcase classname="packagemaven.Project_Maven.Test10" name="check_update_quantities_remove_add_to_cart" time="40.845"/>
  <testcase classname="packagemaven.Project_Maven.Test11" name="entirecheckoutprocess" time="58.31">
    <skipped/>
  </testcase> <!-- entirecheckoutprocess -->
  <testcase classname="packagemaven.Project_Maven.Test11" name="entirecheckoutprocess" time="57.061">
    <skipped/>
  </testcase> <!-- entirecheckoutprocess -->
  <testcase classname="packagemaven.Project_Maven.Test11" name="entirecheckoutprocess" time="5.056">
    <skipped/>
  </testcase> <!-- entirecheckoutprocess -->
  <testcase classname="packagemaven.Project_Maven.Test11" name="entirecheckoutprocess" time="57.167">
    <skipped/>
  </testcase> <!-- entirecheckoutprocess -->
  <testcase classname="packagemaven.Project_Maven.Test11" name="entirecheckoutprocess" time="56.03">
    <skipped/>
  </testcase> <!-- entirecheckoutprocess -->
  <testcase classname="packagemaven.Project_Maven.Test11" name="entirecheckoutprocess" time="54.683">
    <failure type="java.lang.NullPointerException" message="Cannot invoke &amp;quot;org.openqa.selenium.WebDriver.getClass()&amp;quot; because &amp;quot;exceptionDriver&amp;quot; is null">
      <![CDATA[java.lang.NullPointerException: Cannot invoke "org.openqa.selenium.WebDriver.getClass()" because "exceptionDriver" is null
at org.openqa.selenium.support.ui.WebDriverWait.timeoutException(WebDriverWait.java:85)
at org.openqa.selenium.support.ui.FluentWait.until(FluentWait.java:228)
at packagemaven.Project_Maven.PaymentPage.change_delivery_adress(PaymentPage.java:136)
at packagemaven.Project_Maven.Test11.entirecheckoutprocess(Test11.java:41)
at java.base/java.util.ArrayList.forEach(ArrayList.java:1597)
... Removed 25 stack frames]]>
    </failure>
  </testcase> <!-- entirecheckoutprocess -->
  <testcase classname="packagemaven.Project_Maven.Test12" name="verify_payment_method" time="5.043">
    <skipped/>
  </testcase> <!-- verify_payment_method -->
  <testcase classname="packagemaven.Project_Maven.Test12" name="verify_payment_method" time="5.065">
    <skipped/>
  </testcase> <!-- verify_payment_method -->
  <testcase classname="packagemaven.Project_Maven.Test12" name="verify_payment_method" time="63.073">
    <skipped/>
  </testcase> <!-- verify_payment_method -->
  <testcase classname="packagemaven.Project_Maven.Test12" name="verify_payment_method" time="62.882">
    <skipped/>
  </testcase> <!-- verify_payment_method -->
  <testcase classname="packagemaven.Project_Maven.Test12" name="verify_payment_method" time="5.021">
    <skipped/>
  </testcase> <!-- verify_payment_method -->
  <testcase classname="packagemaven.Project_Maven.Test12" name="verify_payment_method" time="5.032">
    <failure type="org.openqa.selenium.json.JsonException" message="java.lang.reflect.InvocationTargetException
Build info: version: &amp;apos;4.26.0&amp;apos;, revision: &amp;apos;8ccf0219d7&amp;apos;
System info: os.name: &amp;apos;Windows 11&amp;apos;, os.arch: &amp;apos;amd64&amp;apos;, os.version: &amp;apos;10.0&amp;apos;, java.version: &amp;apos;23&amp;apos;
Driver info: org.openqa.selenium.chrome.ChromeDriver
Command: [7995b6b4c5d94ef1c50d06182dca6f1f, actions {actions=[org.openqa.selenium.interactions.Sequence@6fd2acf5]}]
Capabilities {acceptInsecureCerts: false, browserName: chrome, browserVersion: 131.0.6778.206, chrome: {chromedriverVersion: 131.0.6778.264 (2d05e315153..., userDataDir: C:\Users\asus\AppData\Local...}, fedcm:accounts: true, goog:chromeOptions: {debuggerAddress: localhost:59522}, networkConnectionEnabled: false, pageLoadStrategy: normal, platformName: windows, proxy: Proxy(), se:cdp: ws://localhost:59522/devtoo..., se:cdpVersion: 131.0.6778.206, setWindowRect: true, strictFileInteractability: false, timeouts: {implicit: 0, pageLoad: 300000, script: 30000}, unhandledPromptBehavior: dismiss and notify, webauthn:extension:credBlob: true, webauthn:extension:largeBlob: true, webauthn:extension:minPinLength: true, webauthn:extension:prf: true, webauthn:virtualAuthenticators: true}
Session ID: 7995b6b4c5d94ef1c50d06182dca6f1f">
      <![CDATA[org.openqa.selenium.json.JsonException: java.lang.reflect.InvocationTargetException
Build info: version: '4.26.0', revision: '8ccf0219d7'
System info: os.name: 'Windows 11', os.arch: 'amd64', os.version: '10.0', java.version: '23'
Driver info: org.openqa.selenium.chrome.ChromeDriver
Command: [7995b6b4c5d94ef1c50d06182dca6f1f, actions {actions=[org.openqa.selenium.interactions.Sequence@6fd2acf5]}]
Capabilities {acceptInsecureCerts: false, browserName: chrome, browserVersion: 131.0.6778.206, chrome: {chromedriverVersion: 131.0.6778.264 (2d05e315153..., userDataDir: C:\Users\asus\AppData\Local...}, fedcm:accounts: true, goog:chromeOptions: {debuggerAddress: localhost:59522}, networkConnectionEnabled: false, pageLoadStrategy: normal, platformName: windows, proxy: Proxy(), se:cdp: ws://localhost:59522/devtoo..., se:cdpVersion: 131.0.6778.206, setWindowRect: true, strictFileInteractability: false, timeouts: {implicit: 0, pageLoad: 300000, script: 30000}, unhandledPromptBehavior: dismiss and notify, webauthn:extension:credBlob: true, webauthn:extension:largeBlob: true, webauthn:extension:minPinLength: true, webauthn:extension:prf: true, webauthn:virtualAuthenticators: true}
Session ID: 7995b6b4c5d94ef1c50d06182dca6f1f
at org.openqa.selenium.json.JsonOutput.convertUsingMethod(JsonOutput.java:520)
at org.openqa.selenium.json.JsonOutput.lambda$new$16(JsonOutput.java:182)
at org.openqa.selenium.json.JsonOutput.write0(JsonOutput.java:409)
at org.openqa.selenium.json.JsonOutput.lambda$new$22(JsonOutput.java:204)
at java.base/java.util.stream.ForEachOps$ForEachOp$OfRef.accept(ForEachOps.java:184)
at java.base/java.util.stream.ReferencePipeline$2$1.accept(ReferencePipeline.java:197)
at java.base/java.util.Iterator.forEachRemaining(Iterator.java:133)
at java.base/java.util.Spliterators$IteratorSpliterator.forEachRemaining(Spliterators.java:1939)
at java.base/java.util.stream.AbstractPipeline.copyInto(AbstractPipeline.java:570)
at java.base/java.util.stream.AbstractPipeline.wrapAndCopyInto(AbstractPipeline.java:560)
at java.base/java.util.stream.ForEachOps$ForEachOp.evaluateSequential(ForEachOps.java:151)
at java.base/java.util.stream.ForEachOps$ForEachOp$OfRef.evaluateSequential(ForEachOps.java:174)
at java.base/java.util.stream.AbstractPipeline.evaluate(AbstractPipeline.java:265)
at java.base/java.util.stream.ReferencePipeline.forEach(ReferencePipeline.java:636)
at org.openqa.selenium.json.JsonOutput.lambda$new$23(JsonOutput.java:204)
at org.openqa.selenium.json.JsonOutput.write0(JsonOutput.java:409)
at org.openqa.selenium.json.JsonOutput.lambda$new$24(JsonOutput.java:222)
at java.base/java.util.Map.forEach(Map.java:733)
at org.openqa.selenium.json.JsonOutput.lambda$new$25(JsonOutput.java:217)
at org.openqa.selenium.json.JsonOutput.write0(JsonOutput.java:409)
at org.openqa.selenium.json.JsonOutput.write(JsonOutput.java:400)
at org.openqa.selenium.json.Json.toJson(Json.java:133)
at org.openqa.selenium.json.Json.toJson(Json.java:119)
at org.openqa.selenium.remote.codec.AbstractHttpCommandCodec.encode(AbstractHttpCommandCodec.java:245)
at org.openqa.selenium.remote.codec.AbstractHttpCommandCodec.encode(AbstractHttpCommandCodec.java:111)
at org.openqa.selenium.remote.HttpCommandExecutor.execute(HttpCommandExecutor.java:178)
at org.openqa.selenium.remote.service.DriverCommandExecutor.invokeExecute(DriverCommandExecutor.java:216)
at org.openqa.selenium.remote.service.DriverCommandExecutor.execute(DriverCommandExecutor.java:174)
at org.openqa.selenium.remote.RemoteWebDriver.execute(RemoteWebDriver.java:545)
at org.openqa.selenium.remote.RemoteWebDriver.perform(RemoteWebDriver.java:631)
at org.openqa.selenium.interactions.Actions$BuiltAction.perform(Actions.java:613)
at org.openqa.selenium.interactions.Actions.perform(Actions.java:578)
at packagemaven.Project_Maven.HomePage.accountandlist_hoverhover(HomePage.java:57)
at packagemaven.Project_Maven.Test12.verify_payment_method(Test12.java:12)
at java.base/java.util.ArrayList.forEach(ArrayList.java:1597)
Suppressed: org.openqa.selenium.json.JsonException: Attempting to close incomplete json stream
Build info: version: '4.26.0', revision: '8ccf0219d7'
System info: os.name: 'Windows 11', os.arch: 'amd64', os.version: '10.0', java.version: '23'
Driver info: driver.version: RemoteWebDriver
at org.openqa.selenium.json.JsonOutput.close(JsonOutput.java:431)
at org.openqa.selenium.json.Json.toJson(Json.java:131)
... 38 more
at org.openqa.selenium.json.JsonOutput.convertUsingMethod(JsonOutput.java:516)
... 59 more
Caused by: org.openqa.selenium.NoSuchElementException: no such element: Unable to locate element: {"method":"xpath","selector":"//span[@class='nav-line-2 ']"}
  (Session info: chrome=131.0.6778.206)
For documentation on this error, please visit: https://www.selenium.dev/documentation/webdriver/troubleshooting/errors#no-such-element-exception
Build info: version: '4.26.0', revision: '8ccf0219d7'
System info: os.name: 'Windows 11', os.arch: 'amd64', os.version: '10.0', java.version: '23'
Driver info: org.openqa.selenium.chrome.ChromeDriver
Command: [7995b6b4c5d94ef1c50d06182dca6f1f, findElement {value=//span[@class='nav-line-2 '], using=xpath}]
Capabilities {acceptInsecureCerts: false, browserName: chrome, browserVersion: 131.0.6778.206, chrome: {chromedriverVersion: 131.0.6778.264 (2d05e315153..., userDataDir: C:\Users\asus\AppData\Local...}, fedcm:accounts: true, goog:chromeOptions: {debuggerAddress: localhost:59522}, networkConnectionEnabled: false, pageLoadStrategy: normal, platformName: windows, proxy: Proxy(), se:cdp: ws://localhost:59522/devtoo..., se:cdpVersion: 131.0.6778.206, setWindowRect: true, strictFileInteractability: false, timeouts: {implicit: 0, pageLoad: 300000, script: 30000}, unhandledPromptBehavior: dismiss and notify, webauthn:extension:credBlob: true, webauthn:extension:largeBlob: true, webauthn:extension:minPinLength: true, webauthn:extension:prf: true, webauthn:virtualAuthenticators: true}
Session ID: 7995b6b4c5d94ef1c50d06182dca6f1f
at org.openqa.selenium.remote.ErrorCodec.decode(ErrorCodec.java:167)
at org.openqa.selenium.remote.codec.w3c.W3CHttpResponseCodec.decode(W3CHttpResponseCodec.java:138)
at org.openqa.selenium.remote.codec.w3c.W3CHttpResponseCodec.decode(W3CHttpResponseCodec.java:50)
at org.openqa.selenium.remote.HttpCommandExecutor.execute(HttpCommandExecutor.java:190)
at org.openqa.selenium.remote.service.DriverCommandExecutor.invokeExecute(DriverCommandExecutor.java:216)
at org.openqa.selenium.remote.service.DriverCommandExecutor.execute(DriverCommandExecutor.java:174)
at org.openqa.selenium.remote.RemoteWebDriver.execute(RemoteWebDriver.java:545)
at org.openqa.selenium.remote.ElementLocation$ElementFinder$2.findElement(ElementLocation.java:165)
at org.openqa.selenium.remote.ElementLocation.findElement(ElementLocation.java:59)
at org.openqa.selenium.remote.RemoteWebDriver.findElement(RemoteWebDriver.java:368)
at org.openqa.selenium.remote.RemoteWebDriver.findElement(RemoteWebDriver.java:362)
at org.openqa.selenium.support.pagefactory.DefaultElementLocator.findElement(DefaultElementLocator.java:68)
at org.openqa.selenium.support.pagefactory.internal.LocatingElementHandler.invoke(LocatingElementHandler.java:38)
at jdk.proxy2/jdk.proxy2.$Proxy17.getWrappedElement(Unknown Source)
at org.openqa.selenium.interactions.PointerInput$Origin.asArg(PointerInput.java:259)
at org.openqa.selenium.interactions.PointerInput$Move.encode(PointerInput.java:208)
at org.openqa.selenium.interactions.Sequence.encode(Sequence.java:72)
at org.openqa.selenium.interactions.Sequence.toJson(Sequence.java:81)
... 61 more
... Removed 32 stack frames]]>
    </failure>
  </testcase> <!-- verify_payment_method -->
  <testcase classname="packagemaven.Project_Maven.Test13" name="apply_coupon_code" time="55.739">
    <skipped/>
  </testcase> <!-- apply_coupon_code -->
  <testcase classname="packagemaven.Project_Maven.Test13" name="apply_coupon_code" time="5.019">
    <skipped/>
  </testcase> <!-- apply_coupon_code -->
  <testcase classname="packagemaven.Project_Maven.Test13" name="apply_coupon_code" time="57.886">
    <skipped/>
  </testcase> <!-- apply_coupon_code -->
  <testcase classname="packagemaven.Project_Maven.Test13" name="apply_coupon_code" time="5.032">
    <skipped/>
  </testcase> <!-- apply_coupon_code -->
  <testcase classname="packagemaven.Project_Maven.Test13" name="apply_coupon_code" time="5.031">
    <skipped/>
  </testcase> <!-- apply_coupon_code -->
  <testcase classname="packagemaven.Project_Maven.Test13" name="apply_coupon_code" time="56.462">
    <failure type="org.openqa.selenium.NoSuchElementException" message="no such element: Unable to locate element: {&amp;quot;method&amp;quot;:&amp;quot;xpath&amp;quot;,&amp;quot;selector&amp;quot;:&amp;quot;//input[@class=&amp;apos;a-input-text a-form-normal a-width-large a-span9 pmts-claim-code&amp;apos;]&amp;quot;}
  (Session info: chrome=131.0.6778.206)
For documentation on this error, please visit: https://www.selenium.dev/documentation/webdriver/troubleshooting/errors#no-such-element-exception
Build info: version: &amp;apos;4.26.0&amp;apos;, revision: &amp;apos;8ccf0219d7&amp;apos;
System info: os.name: &amp;apos;Windows 11&amp;apos;, os.arch: &amp;apos;amd64&amp;apos;, os.version: &amp;apos;10.0&amp;apos;, java.version: &amp;apos;23&amp;apos;
Driver info: org.openqa.selenium.chrome.ChromeDriver
Command: [c50cfae851fdf7c532fd4773d5c8be16, findElement {value=//input[@class=&amp;apos;a-input-text a-form-normal a-width-large a-span9 pmts-claim-code&amp;apos;], using=xpath}]
Capabilities {acceptInsecureCerts: false, browserName: chrome, browserVersion: 131.0.6778.206, chrome: {chromedriverVersion: 131.0.6778.264 (2d05e315153..., userDataDir: C:\Users\asus\AppData\Local...}, fedcm:accounts: true, goog:chromeOptions: {debuggerAddress: localhost:60048}, networkConnectionEnabled: false, pageLoadStrategy: normal, platformName: windows, proxy: Proxy(), se:cdp: ws://localhost:60048/devtoo..., se:cdpVersion: 131.0.6778.206, setWindowRect: true, strictFileInteractability: false, timeouts: {implicit: 0, pageLoad: 300000, script: 30000}, unhandledPromptBehavior: dismiss and notify, webauthn:extension:credBlob: true, webauthn:extension:largeBlob: true, webauthn:extension:minPinLength: true, webauthn:extension:prf: true, webauthn:virtualAuthenticators: true}
Session ID: c50cfae851fdf7c532fd4773d5c8be16">
      <![CDATA[org.openqa.selenium.NoSuchElementException: no such element: Unable to locate element: {"method":"xpath","selector":"//input[@class='a-input-text a-form-normal a-width-large a-span9 pmts-claim-code']"}
  (Session info: chrome=131.0.6778.206)
For documentation on this error, please visit: https://www.selenium.dev/documentation/webdriver/troubleshooting/errors#no-such-element-exception
Build info: version: '4.26.0', revision: '8ccf0219d7'
System info: os.name: 'Windows 11', os.arch: 'amd64', os.version: '10.0', java.version: '23'
Driver info: org.openqa.selenium.chrome.ChromeDriver
Command: [c50cfae851fdf7c532fd4773d5c8be16, findElement {value=//input[@class='a-input-text a-form-normal a-width-large a-span9 pmts-claim-code'], using=xpath}]
Capabilities {acceptInsecureCerts: false, browserName: chrome, browserVersion: 131.0.6778.206, chrome: {chromedriverVersion: 131.0.6778.264 (2d05e315153..., userDataDir: C:\Users\asus\AppData\Local...}, fedcm:accounts: true, goog:chromeOptions: {debuggerAddress: localhost:60048}, networkConnectionEnabled: false, pageLoadStrategy: normal, platformName: windows, proxy: Proxy(), se:cdp: ws://localhost:60048/devtoo..., se:cdpVersion: 131.0.6778.206, setWindowRect: true, strictFileInteractability: false, timeouts: {implicit: 0, pageLoad: 300000, script: 30000}, unhandledPromptBehavior: dismiss and notify, webauthn:extension:credBlob: true, webauthn:extension:largeBlob: true, webauthn:extension:minPinLength: true, webauthn:extension:prf: true, webauthn:virtualAuthenticators: true}
Session ID: c50cfae851fdf7c532fd4773d5c8be16
at org.openqa.selenium.remote.ErrorCodec.decode(ErrorCodec.java:167)
at org.openqa.selenium.remote.codec.w3c.W3CHttpResponseCodec.decode(W3CHttpResponseCodec.java:138)
at org.openqa.selenium.remote.codec.w3c.W3CHttpResponseCodec.decode(W3CHttpResponseCodec.java:50)
at org.openqa.selenium.remote.HttpCommandExecutor.execute(HttpCommandExecutor.java:190)
at org.openqa.selenium.remote.service.DriverCommandExecutor.invokeExecute(DriverCommandExecutor.java:216)
at org.openqa.selenium.remote.service.DriverCommandExecutor.execute(DriverCommandExecutor.java:174)
at org.openqa.selenium.remote.RemoteWebDriver.execute(RemoteWebDriver.java:545)
at org.openqa.selenium.remote.ElementLocation$ElementFinder$2.findElement(ElementLocation.java:165)
at org.openqa.selenium.remote.ElementLocation.findElement(ElementLocation.java:59)
at org.openqa.selenium.remote.RemoteWebDriver.findElement(RemoteWebDriver.java:368)
at org.openqa.selenium.remote.RemoteWebDriver.findElement(RemoteWebDriver.java:362)
at org.openqa.selenium.support.pagefactory.DefaultElementLocator.findElement(DefaultElementLocator.java:68)
at org.openqa.selenium.support.pagefactory.internal.LocatingElementHandler.invoke(LocatingElementHandler.java:38)
at jdk.proxy2/jdk.proxy2.$Proxy17.sendKeys(Unknown Source)
at packagemaven.Project_Maven.PaymentPage.apply_coupon(PaymentPage.java:127)
at packagemaven.Project_Maven.Test13.apply_coupon_code(Test13.java:38)
at java.base/java.util.ArrayList.forEach(ArrayList.java:1597)
... Removed 28 stack frames]]>
    </failure>
  </testcase> <!-- apply_coupon_code -->
  <testcase classname="packagemaven.Project_Maven.Test14" name="give_five_star_rating" time="5.05">
    <skipped/>
  </testcase> <!-- give_five_star_rating -->
  <testcase classname="packagemaven.Project_Maven.Test14" name="give_five_star_rating" time="5.074">
    <skipped/>
  </testcase> <!-- give_five_star_rating -->
  <testcase classname="packagemaven.Project_Maven.Test14" name="give_five_star_rating" time="5.041">
    <skipped/>
  </testcase> <!-- give_five_star_rating -->
  <testcase classname="packagemaven.Project_Maven.Test14" name="give_five_star_rating" time="5.023">
    <skipped/>
  </testcase> <!-- give_five_star_rating -->
  <testcase classname="packagemaven.Project_Maven.Test14" name="give_five_star_rating" time="19.757"/>
  <testcase classname="packagemaven.Project_Maven.Test15" name="add_to_cart_without_login" time="5.026">
    <skipped/>
  </testcase> <!-- add_to_cart_without_login -->
  <testcase classname="packagemaven.Project_Maven.Test15" name="add_to_cart_without_login" time="20.706"/>
</testsuite> <!-- Testing on chrome -->
