<?xml version="1.0" encoding="UTF-8"?>
<!-- Generated by org.testng.reporters.JUnitXMLReporter -->
<testsuite ignored="0" hostname="DESKTOP-SKC049P" failures="1" tests="18" name="Test" time="261.961" errors="0" timestamp="2024-12-29T15:35:49 IST">
  <testcase classname="packagemaven.Project_Maven.Test1" name="registration" time="6.37"/>
  <testcase classname="packagemaven.Project_Maven.Test2" name="login_to_amazon" time="4.902"/>
  <testcase classname="packagemaven.Project_Maven.Test3" name="checkLoginFail" time="0.0">
    <failure type="org.testng.TestNGException" message="
Cannot inject @Test annotated Method [checkLoginFail] with [class java.lang.String].
For more information on native dependency injection please refer to https://testng.org/doc/documentation-main.html#native-dependency-injection">
      <![CDATA[org.testng.TestNGException: 
Cannot inject @Test annotated Method [checkLoginFail] with [class java.lang.String].
For more information on native dependency injection please refer to https://testng.org/doc/documentation-main.html#native-dependency-injection
at java.base/java.util.ArrayList.forEach(ArrayList.java:1597)
... Removed 30 stack frames]]>
    </failure>
  </testcase> <!-- checkLoginFail -->
  <testcase classname="packagemaven.Project_Maven.Test4" name="verify_user_info_edit" time="14.933"/>
  <testcase classname="packagemaven.Project_Maven.Test5" name="login_to_amazon_search_a_product" time="10.989"/>
  <testcase classname="packagemaven.Project_Maven.Test6" name="verify_searching_with_filters_category_price_range" time="0.02">
    <skipped/>
  </testcase> <!-- verify_searching_with_filters_category_price_range -->
  <testcase classname="packagemaven.Project_Maven.Test6" name="verify_searching_with_filters_category_price_range" time="0.034">
    <skipped/>
  </testcase> <!-- verify_searching_with_filters_category_price_range -->
  <testcase classname="packagemaven.Project_Maven.Test6" name="verify_searching_with_filters_category_price_range" time="3.472"/>
  <testcase classname="packagemaven.Project_Maven.Test7" name="test_details_price_reviews_description" time="0.044">
    <skipped/>
  </testcase> <!-- test_details_price_reviews_description -->
  <testcase classname="packagemaven.Project_Maven.Test7" name="test_details_price_reviews_description" time="12.359"/>
  <testcase classname="packagemaven.Project_Maven.Test8" name="sort_by_price_low_to_high" time="0.033">
    <skipped/>
  </testcase> <!-- sort_by_price_low_to_high -->
  <testcase classname="packagemaven.Project_Maven.Test8" name="sort_by_price_low_to_high" time="0.021">
    <skipped/>
  </testcase> <!-- sort_by_price_low_to_high -->
  <testcase classname="packagemaven.Project_Maven.Test8" name="sort_by_price_low_to_high" time="8.543"/>
  <testcase classname="packagemaven.Project_Maven.Test9" name="Add_to_Wishlist_Add_to_Cart" time="38.033"/>
  <testcase classname="packagemaven.Project_Maven.Test10" name="check_update_quantities_remove_add_to_cart" time="35.285"/>
  <testcase classname="packagemaven.Project_Maven.Test12" name="verify_payment_method" time="46.294"/>
  <testcase classname="packagemaven.Project_Maven.Test14" name="give_five_star_rating" time="19.456"/>
  <testcase classname="packagemaven.Project_Maven.Test15" name="add_to_cart_without_login" time="19.075"/>
</testsuite> <!-- Test -->
